info it worked if it ends with ok
verbose cli [ 'node', '/usr/local/bin/npm', 'start' ]
info using npm@1.1.4
info using node@v0.6.17
verbose config file /Users/jesse/.npmrc
verbose config file /usr/local/etc/npmrc
verbose config file /usr/local/lib/node_modules/npm/npmrc
verbose caching /Users/jesse/Documents/JadeBundler/package.json
verbose loadDefaults JadeBundler@0.1.0
verbose run-script [ 'prestart', 'start', 'poststart' ]
info prestart JadeBundler@0.1.0
info start JadeBundler@0.1.0
verbose unsafe-perm in lifecycle true
silly exec sh "-c" "node server.js"
silly spawning [ 'sh',
silly spawning   [ '-c', 'node server.js' ],
silly spawning   '/Users/jesse/Documents/JadeBundler' ]
info JadeBundler@0.1.0 Failed to exec start script
ERR! JadeBundler@0.1.0 start: `node server.js`
ERR! `sh "-c" "node server.js"` failed with 1
ERR! 
ERR! Failed at the JadeBundler@0.1.0 start script.
ERR! This is most likely a problem with the JadeBundler package,
ERR! not with npm itself.
ERR! Tell the author that this fails on your system:
ERR!     node server.js
ERR! You can get their info via:
ERR!     npm owner ls JadeBundler
ERR! There is likely additional logging output above.
ERR! 
ERR! System Darwin 11.4.0
ERR! command "node" "/usr/local/bin/npm" "start"
ERR! cwd /Users/jesse/Documents/JadeBundler
ERR! node -v v0.6.17
ERR! npm -v 1.1.4
ERR! code ELIFECYCLE
ERR! message JadeBundler@0.1.0 start: `node server.js`
ERR! message `sh "-c" "node server.js"` failed with 1
ERR! errno {}
verbose exit [ 1, true ]
